<?xml version="1.0" encoding="UTF-8"?>
<!-- Generated by org.testng.reporters.JUnitReportReporter -->
<testsuite hostname="LAPTOP-NBCMIMTO" failures="0" tests="1" name="browsers_opening.Flipkart" time="4.120" errors="0" timestamp="2024-02-09T16:00:55 IST" skipped="0">
  <testcase classname="browsers_opening.Flipkart" name="flipkart" time="4.120"/>
  <system-out>
    <![CDATA[Opening Flipkart site]]>
  </system-out>
</testsuite> <!-- browsers_opening.Flipkart -->
