<?xml version="1.0" encoding="UTF-8"?>
<!-- Generated by org.testng.reporters.JUnitReportReporter -->
<testsuite hostname="LAPTOP-NBCMIMTO" failures="0" tests="1" name="browsers_opening.Amazon" time="3.423" errors="0" timestamp="2024-02-09T16:00:55 IST" skipped="0">
  <testcase classname="browsers_opening.Amazon" name="amazon" time="3.423"/>
  <system-out>
    <![CDATA[Opening Amazon site]]>
  </system-out>
</testsuite> <!-- browsers_opening.Amazon -->
